<?xml version="1.0" encoding="UTF-8"?>
<testsuite name="integracion.TestControladorPersona" tests="1" skipped="0" failures="1" errors="0" timestamp="2021-08-03T15:00:24" hostname="CO0C02DD2QYML85" time="0.001">
  <properties/>
  <testcase name="when get is performed then the response has status 200 and content is 'Hello world!'" classname="integracion.TestControladorPersona" time="0.001">
    <failure message="org.codehaus.groovy.runtime.typehandling.GroovyCastException: Cannot cast object 'org.springframework.boot.test.web.client.TestRestTemplate@ef28277' with class 'org.springframework.boot.test.web.client.TestRestTemplate' to class 'org.springframework.web.client.RestTemplate'" type="org.codehaus.groovy.runtime.typehandling.GroovyCastException">org.codehaus.groovy.runtime.typehandling.GroovyCastException: Cannot cast object 'org.springframework.boot.test.web.client.TestRestTemplate@ef28277' with class 'org.springframework.boot.test.web.client.TestRestTemplate' to class 'org.springframework.web.client.RestTemplate'
	at integracion.TestControladorPersona.$spock_initializeFields(TestControladorPersona.groovy:19)
</failure>
  </testcase>
  <system-out><![CDATA[10:00:22.948 [Test worker] DEBUG org.springframework.test.context.support.AbstractDirtiesContextTestExecutionListener - Before test class: context [DefaultTestContext@5158f4d2 testClass = TestControladorPersona, testInstance = [null], testMethod = [null], testException = [null], mergedContextConfiguration = [WebMergedContextConfiguration@76c80939 testClass = TestControladorPersona, locations = '{}', classes = '{class main.Application, class main.Application}', contextInitializerClasses = '[]', activeProfiles = '{}', propertySourceLocations = '{}', propertySourceProperties = '{org.springframework.boot.test.context.SpringBootTestContextBootstrapper=true}', contextCustomizers = set[org.spockframework.spring.mock.SpockContextCustomizer@0, org.springframework.boot.test.autoconfigure.properties.PropertyMappingContextCustomizer@0, org.springframework.boot.test.autoconfigure.web.servlet.WebDriverContextCustomizerFactory$Customizer@3d805ee5, org.springframework.boot.test.context.filter.ExcludeFilterContextCustomizer@2bdfb5f1, org.springframework.boot.test.json.DuplicateJsonObjectContextCustomizerFactory$DuplicateJsonObjectContextCustomizer@656b1cd3, org.springframework.boot.test.mock.mockito.MockitoContextCustomizer@0, org.springframework.boot.test.web.client.TestRestTemplateContextCustomizer@1e2fd778, org.springframework.test.context.web.socket.MockServerContainerContextCustomizer@73c29589, org.springframework.boot.test.context.SpringBootTestArgs@1], resourceBasePath = 'src/main/webapp', contextLoader = 'org.springframework.boot.test.context.SpringBootContextLoader', parent = [null]], attributes = map['org.springframework.test.context.web.ServletTestExecutionListener.activateListener' -> true]], class annotated with @DirtiesContext [false] with mode [null].
10:00:23.320 [Test worker] DEBUG org.springframework.test.context.support.TestPropertySourceUtils - Adding inlined properties to environment: {spring.jmx.enabled=false, org.springframework.boot.test.context.SpringBootTestContextBootstrapper=true}

  .   ____          _            __ _ _
 /\\ / ___'_ __ _ _(_)_ __  __ _ \ \ \ \
( ( )\___ | '_ | '_| | '_ \/ _` | \ \ \ \
 \\/  ___)| |_)| | | | | || (_| |  ) ) ) )
  '  |____| .__|_| |_|_| |_\__, | / / / /
 =========|_|==============|___/=/_/_/_/
 :: Spring Boot ::        (v2.3.2.RELEASE)

2021-08-03 10:00:23.527  INFO 10281 --- [    Test worker] integracion.TestControladorPersona       : Starting TestControladorPersona on CO0C02DD2QYML85 with PID 10281 (started by nicolsanchez in /Users/nicolsanchez/Documents/solid/Grow-groovy)
2021-08-03 10:00:23.528  INFO 10281 --- [    Test worker] integracion.TestControladorPersona       : No active profile set, falling back to default profiles: default
2021-08-03 10:00:24.297  INFO 10281 --- [    Test worker] o.s.s.concurrent.ThreadPoolTaskExecutor  : Initializing ExecutorService 'applicationTaskExecutor'
2021-08-03 10:00:24.480  INFO 10281 --- [    Test worker] integracion.TestControladorPersona       : Started TestControladorPersona in 1.151 seconds (JVM running for 2.5)
]]></system-out>
  <system-err><![CDATA[]]></system-err>
</testsuite>
